2023-12-27 18:01:06,956:INFO:root:add 10+20=30
2023-12-27 18:01:06,956:INFO:root:sub 10-20=-10
2023-12-27 18:01:06,957:INFO:root:mul 10*20=200
2023-12-27 18:01:06,957:INFO:root:div 10/20=0.5
2023-12-27 18:01:06,958:INFO:root:mod 10+20=10
2023-12-27 18:01:22,752:INFO:root:add 100+20=120
2023-12-27 18:01:22,753:INFO:root:sub 100-20=80
2023-12-27 18:01:22,753:INFO:root:mul 100*20=2000
2023-12-27 18:01:22,753:INFO:root:div 100/20=5.0
2023-12-27 18:01:22,753:INFO:root:mod 100+20=0
2023-12-27 18:01:36,743:INFO:__main__:add 110312+2023=112335
2023-12-27 18:01:36,744:INFO:__main__:sub 110312-2023=108289
2023-12-27 18:01:36,744:INFO:__main__:mul 110312*2023=223161176
2023-12-27 18:01:36,744:INFO:__main__:div 110312/2023=54.528917449332674
2023-12-27 18:01:36,745:INFO:__main__:mod 110312+2023=1070
2023-12-27 18:04:11,927:INFO:__main__:add 528854181+20236959=549091140
2023-12-27 18:04:11,928:INFO:__main__:sub 528854181-20236959=508617222
2023-12-27 18:04:11,928:INFO:__main__:mul 528854181*20236959=10702400377875579
2023-12-27 18:04:11,928:INFO:__main__:div 528854181/20236959=26.133085558951816
2023-12-27 18:04:11,928:INFO:__main__:mod 528854181+20236959=2693247
2023-12-27 18:04:23,558:INFO:__main__:add 110312+202323=312635
2023-12-27 18:04:23,558:INFO:__main__:sub 110312-202323=-92011
2023-12-27 18:04:23,558:INFO:__main__:mul 110312*202323=22318654776
2023-12-27 18:04:23,558:INFO:__main__:div 110312/202323=0.5452271862319162
2023-12-27 18:04:23,558:INFO:__main__:mod 110312+202323=110312
2023-12-27 18:06:16,499:INFO:__main__:add 528854181+20236959=549091140
2023-12-27 18:06:16,499:INFO:__main__:sub 528854181-20236959=508617222
2023-12-27 18:06:16,500:INFO:__main__:mul 528854181*20236959=10702400377875579
2023-12-27 18:06:16,500:INFO:__main__:div 528854181/20236959=26.133085558951816
2023-12-27 18:06:16,500:INFO:__main__:mod 528854181+20236959=2693247
2023-12-27 18:06:54,299:INFO:__main__:add 528854181+20236959=549091140
2023-12-27 18:06:54,299:INFO:__main__:sub 528854181-20236959=508617222
2023-12-27 18:06:54,299:INFO:__main__:mul 528854181*20236959=10702400377875579
2023-12-27 18:06:54,299:INFO:__main__:div 528854181/20236959=26.133085558951816
2023-12-27 18:06:54,299:INFO:__main__:mod 528854181+20236959=2693247
2023-12-27 18:25:08,049:ERROR:Comm:No such comm target registered: jupyter.widget.control
2023-12-27 18:25:08,052:WARNING:Comm:No such comm: 457f7db2-1a1c-4c9d-b905-5f0b384d7dd3
2023-12-27 18:32:21,945:INFO:__main__:add 2424423+0=2424423
2023-12-27 18:32:21,946:INFO:__main__:sub 2424423-0=2424423
2023-12-27 18:32:21,946:INFO:__main__:mul 2424423*0=0
2023-12-27 18:32:21,946:ERROR:__main__:faulty division,do no try dividing any number with zero
2023-12-27 18:32:21,956:INFO:__main__:div 2424423/0=None
2023-12-27 18:33:00,472:INFO:__main__:add 2424423+0=2424423
2023-12-27 18:33:00,472:INFO:__main__:sub 2424423-0=2424423
2023-12-27 18:33:00,473:INFO:__main__:mul 2424423*0=0
2023-12-27 18:33:00,473:ERROR:__main__:faulty division,do no try dividing any number with zero
2023-12-27 18:33:00,475:INFO:__main__:div 2424423/0=None
2023-12-27 18:33:00,475:ERROR:__main__:faulty division,do no try dividing any number with zero
2023-12-27 18:33:00,477:INFO:__main__:mod 2424423+0=None
2023-12-27 18:34:23,658:INFO:__main__:add 2424423+0=2424423
2023-12-27 18:34:23,658:INFO:__main__:sub 2424423-0=2424423
2023-12-27 18:34:23,666:INFO:__main__:mul 2424423*0=0
2023-12-27 18:34:23,666:ERROR:__main__:faulty division,do no try dividing any number with zero
2023-12-27 18:34:23,668:INFO:__main__:div 2424423/0=None
2023-12-27 18:34:23,668:ERROR:__main__:faulty division,do no try dividing any number with zero
2023-12-27 18:34:23,673:INFO:__main__:mod 2424423+0=None
2023-12-27 18:35:04,053:INFO:__main__:add 2424423+0=2424423
2023-12-27 18:35:04,053:INFO:__main__:sub 2424423-0=2424423
2023-12-27 18:35:04,053:INFO:__main__:mul 2424423*0=0
2023-12-27 18:35:04,053:ERROR:__main__:faulty division,do no try dividing any number with zero
2023-12-27 18:35:04,053:INFO:__main__:div 2424423/0=None
2023-12-27 18:35:04,066:ERROR:__main__:faulty division,do no try dividing any number with zero
2023-12-27 18:35:04,068:INFO:__main__:mod 2424423+0=None
2024-06-10 22:55:36,639:INFO:root:add 100+20=120
2024-06-10 22:55:36,640:INFO:root:sub 100-20=80
2024-06-10 22:55:36,640:INFO:root:mul 100*20=2000
2024-06-10 22:55:36,640:INFO:root:div 100/20=5.0
2024-06-10 22:55:36,640:INFO:root:mod 100+20=0
